

[ERROR] 2019-04-23 21:23:26,592 method:Test.test(Test.java:24)
lllllllllllllllllllllllllllll


[ERROR] 2019-04-24 15:54:07,697 method:Test.test(Test.java:24)
lllllllllllllllllllllllllllll


[ERROR] 2019-04-24 15:59:51,558 method:Test.test(Test.java:24)
lllllllllllllllllllllllllllll


[ERROR] 2019-04-24 16:25:20,218 method:Test.test(Test.java:24)
lllllllllllllllllllllllllllll


[ERROR] 2019-04-24 17:10:36,366 method:Test.test(Test.java:24)
lllllllllllllllllllllllllllll


[ERROR] 2019-04-24 20:53:25,678 method:Test.test(Test.java:24)
lllllllllllllllllllllllllllll


[ERROR] 2019-04-25 17:07:58,947 method:Test.test(Test.java:24)
lllllllllllllllllllllllllllll


[ERROR] 2019-04-25 17:08:55,757 method:xsl.match.service.impl.XslMatchRewardServiceImpl.getReward(XslMatchRewardServiceImpl.java:50)
getRewardId 参数为null


[ERROR] 2019-04-25 17:09:42,458 method:xsl.match.service.impl.XslMatchRewardServiceImpl.getReward(XslMatchRewardServiceImpl.java:50)
getRewardId 参数为null


[ERROR] 2019-04-25 17:10:17,138 method:xsl.match.service.impl.XslMatchRewardServiceImpl.getReward(XslMatchRewardServiceImpl.java:50)
getRewardId 参数为null


[ERROR] 2019-04-25 17:12:28,707 method:xsl.match.service.impl.XslMatchRewardServiceImpl.getReward(XslMatchRewardServiceImpl.java:50)
getRewardId 参数为null


[ERROR] 2019-04-25 17:16:48,695 method:Test.test(Test.java:24)
lllllllllllllllllllllllllllll


[ERROR] 2019-04-25 17:38:30,536 method:xsl.match.service.impl.XslMatchRewardServiceImpl.getReward(XslMatchRewardServiceImpl.java:50)
getRewardId 参数为null


[ERROR] 2019-04-25 17:48:35,762 method:Test.test(Test.java:24)
lllllllllllllllllllllllllllll


[ERROR] 2019-04-25 17:51:42,772 method:xsl.match.service.impl.XslMatchRewardServiceImpl.getReward(XslMatchRewardServiceImpl.java:53)
getRewardId 参数为null


[ERROR] 2019-04-25 18:57:48,037 method:xsl.match.service.impl.XslMatchRewardServiceImpl.getReward(XslMatchRewardServiceImpl.java:53)
getRewardId 参数为null


[ERROR] 2019-04-25 19:02:02,604 method:xsl.match.service.impl.XslMatchRewardServiceImpl.getReward(XslMatchRewardServiceImpl.java:53)
getRewardId 参数为null


[ERROR] 2019-04-25 19:06:51,684 method:xsl.match.service.impl.XslMatchRewardServiceImpl.getReward(XslMatchRewardServiceImpl.java:53)
getRewardId 参数为null


[ERROR] 2019-04-25 19:08:32,011 method:com.alibaba.druid.pool.DruidDataSource.handleConnectionException(DruidDataSource.java:1175)
discard connection
com.mysql.jdbc.exceptions.jdbc4.CommunicationsException: Communications link failure

The last packet successfully received from the server was 38,792 milliseconds ago.  The last packet sent successfully to the server was 25 milliseconds ago.
	at sun.reflect.NativeConstructorAccessorImpl.newInstance0(Native Method)
	at sun.reflect.NativeConstructorAccessorImpl.newInstance(NativeConstructorAccessorImpl.java:62)
	at sun.reflect.DelegatingConstructorAccessorImpl.newInstance(DelegatingConstructorAccessorImpl.java:45)
	at java.lang.reflect.Constructor.newInstance(Constructor.java:423)
	at com.mysql.jdbc.Util.handleNewInstance(Util.java:408)
	at com.mysql.jdbc.SQLError.createCommunicationsException(SQLError.java:1137)
	at com.mysql.jdbc.MysqlIO.reuseAndReadPacket(MysqlIO.java:3697)
	at com.mysql.jdbc.MysqlIO.reuseAndReadPacket(MysqlIO.java:3586)
	at com.mysql.jdbc.MysqlIO.checkErrorPacket(MysqlIO.java:4131)
	at com.mysql.jdbc.MysqlIO.sendCommand(MysqlIO.java:2597)
	at com.mysql.jdbc.MysqlIO.sqlQueryDirect(MysqlIO.java:2758)
	at com.mysql.jdbc.ConnectionImpl.execSQL(ConnectionImpl.java:2826)
	at com.mysql.jdbc.PreparedStatement.executeInternal(PreparedStatement.java:2082)
	at com.mysql.jdbc.PreparedStatement.execute(PreparedStatement.java:1302)
	at com.alibaba.druid.pool.DruidPooledPreparedStatement.execute(DruidPooledPreparedStatement.java:493)
	at sun.reflect.GeneratedMethodAccessor46.invoke(Unknown Source)
	at sun.reflect.DelegatingMethodAccessorImpl.invoke(DelegatingMethodAccessorImpl.java:43)
	at java.lang.reflect.Method.invoke(Method.java:498)
	at org.apache.ibatis.logging.jdbc.PreparedStatementLogger.invoke(PreparedStatementLogger.java:62)
	at com.sun.proxy.$Proxy49.execute(Unknown Source)
	at org.apache.ibatis.executor.statement.PreparedStatementHandler.query(PreparedStatementHandler.java:59)
	at org.apache.ibatis.executor.statement.RoutingStatementHandler.query(RoutingStatementHandler.java:73)
	at org.apache.ibatis.executor.SimpleExecutor.doQuery(SimpleExecutor.java:60)
	at org.apache.ibatis.executor.BaseExecutor.queryFromDatabase(BaseExecutor.java:267)
	at org.apache.ibatis.executor.BaseExecutor.query(BaseExecutor.java:137)
	at org.apache.ibatis.executor.CachingExecutor.query(CachingExecutor.java:96)
	at org.apache.ibatis.executor.CachingExecutor.query(CachingExecutor.java:77)
	at sun.reflect.GeneratedMethodAccessor44.invoke(Unknown Source)
	at sun.reflect.DelegatingMethodAccessorImpl.invoke(DelegatingMethodAccessorImpl.java:43)
	at java.lang.reflect.Method.invoke(Method.java:498)
	at org.apache.ibatis.plugin.Invocation.proceed(Invocation.java:49)
	at com.github.pagehelper.PageHelper.intercept(PageHelper.java:113)
	at org.apache.ibatis.plugin.Plugin.invoke(Plugin.java:60)
	at com.sun.proxy.$Proxy47.query(Unknown Source)
	at org.apache.ibatis.session.defaults.DefaultSqlSession.selectList(DefaultSqlSession.java:108)
	at org.apache.ibatis.session.defaults.DefaultSqlSession.selectList(DefaultSqlSession.java:102)
	at sun.reflect.NativeMethodAccessorImpl.invoke0(Native Method)
	at sun.reflect.NativeMethodAccessorImpl.invoke(NativeMethodAccessorImpl.java:62)
	at sun.reflect.DelegatingMethodAccessorImpl.invoke(DelegatingMethodAccessorImpl.java:43)
	at java.lang.reflect.Method.invoke(Method.java:498)
	at org.mybatis.spring.SqlSessionTemplate$SqlSessionInterceptor.invoke(SqlSessionTemplate.java:358)
	at com.sun.proxy.$Proxy31.selectList(Unknown Source)
	at org.mybatis.spring.SqlSessionTemplate.selectList(SqlSessionTemplate.java:198)
	at org.apache.ibatis.binding.MapperMethod.executeForMany(MapperMethod.java:119)
	at org.apache.ibatis.binding.MapperMethod.execute(MapperMethod.java:63)
	at org.apache.ibatis.binding.MapperProxy.invoke(MapperProxy.java:52)
	at com.sun.proxy.$Proxy37.selectAll(Unknown Source)
	at xsl.match.service.impl.XslMatchServiceImpl.getMatchList(XslMatchServiceImpl.java:106)
	at xsl.match.controller.XslMatchController.getMatchList(XslMatchController.java:92)
	at sun.reflect.NativeMethodAccessorImpl.invoke0(Native Method)
	at sun.reflect.NativeMethodAccessorImpl.invoke(NativeMethodAccessorImpl.java:62)
	at sun.reflect.DelegatingMethodAccessorImpl.invoke(DelegatingMethodAccessorImpl.java:43)
	at java.lang.reflect.Method.invoke(Method.java:498)
	at org.springframework.web.method.support.InvocableHandlerMethod.doInvoke(InvocableHandlerMethod.java:221)
	at org.springframework.web.method.support.InvocableHandlerMethod.invokeForRequest(InvocableHandlerMethod.java:137)
	at org.springframework.web.servlet.mvc.method.annotation.ServletInvocableHandlerMethod.invokeAndHandle(ServletInvocableHandlerMethod.java:110)
	at org.springframework.web.servlet.mvc.method.annotation.RequestMappingHandlerAdapter.invokeHandleMethod(RequestMappingHandlerAdapter.java:777)
	at org.springframework.web.servlet.mvc.method.annotation.RequestMappingHandlerAdapter.handleInternal(RequestMappingHandlerAdapter.java:706)
	at org.springframework.web.servlet.mvc.method.AbstractHandlerMethodAdapter.handle(AbstractHandlerMethodAdapter.java:85)
	at org.springframework.web.servlet.DispatcherServlet.doDispatch(DispatcherServlet.java:943)
	at org.springframework.web.servlet.DispatcherServlet.doService(DispatcherServlet.java:877)
	at org.springframework.web.servlet.FrameworkServlet.processRequest(FrameworkServlet.java:966)
	at org.springframework.web.servlet.FrameworkServlet.doGet(FrameworkServlet.java:857)
	at javax.servlet.http.HttpServlet.service(HttpServlet.java:621)
	at org.springframework.web.servlet.FrameworkServlet.service(FrameworkServlet.java:842)
	at javax.servlet.http.HttpServlet.service(HttpServlet.java:728)
	at org.apache.catalina.core.ApplicationFilterChain.internalDoFilter(ApplicationFilterChain.java:305)
	at org.apache.catalina.core.ApplicationFilterChain.doFilter(ApplicationFilterChain.java:210)
	at org.apache.tomcat.websocket.server.WsFilter.doFilter(WsFilter.java:51)
	at org.apache.catalina.core.ApplicationFilterChain.internalDoFilter(ApplicationFilterChain.java:243)
	at org.apache.catalina.core.ApplicationFilterChain.doFilter(ApplicationFilterChain.java:210)
	at org.springframework.web.filter.CharacterEncodingFilter.doFilterInternal(CharacterEncodingFilter.java:88)
	at org.springframework.web.filter.OncePerRequestFilter.doFilter(OncePerRequestFilter.java:107)
	at org.apache.catalina.core.ApplicationFilterChain.internalDoFilter(ApplicationFilterChain.java:243)
	at org.apache.catalina.core.ApplicationFilterChain.doFilter(ApplicationFilterChain.java:210)
	at org.apache.catalina.core.StandardWrapperValve.invoke(StandardWrapperValve.java:222)
	at org.apache.catalina.core.StandardContextValve.invoke(StandardContextValve.java:123)
	at org.apache.catalina.authenticator.AuthenticatorBase.invoke(AuthenticatorBase.java:502)
	at org.apache.catalina.core.StandardHostValve.invoke(StandardHostValve.java:171)
	at org.apache.catalina.valves.ErrorReportValve.invoke(ErrorReportValve.java:100)
	at org.apache.catalina.valves.AccessLogValve.invoke(AccessLogValve.java:953)
	at org.apache.catalina.core.StandardEngineValve.invoke(StandardEngineValve.java:118)
	at org.apache.catalina.connector.CoyoteAdapter.service(CoyoteAdapter.java:408)
	at org.apache.coyote.http11.AbstractHttp11Processor.process(AbstractHttp11Processor.java:1041)
	at org.apache.coyote.AbstractProtocol$AbstractConnectionHandler.process(AbstractProtocol.java:603)
	at org.apache.tomcat.util.net.JIoEndpoint$SocketProcessor.run(JIoEndpoint.java:312)
	at java.util.concurrent.ThreadPoolExecutor.runWorker(ThreadPoolExecutor.java:1149)
	at java.util.concurrent.ThreadPoolExecutor$Worker.run(ThreadPoolExecutor.java:624)
	at java.lang.Thread.run(Thread.java:748)
Caused by: java.net.SocketException: Connection reset
	at java.net.SocketInputStream.read(SocketInputStream.java:210)
	at java.net.SocketInputStream.read(SocketInputStream.java:141)
	at com.mysql.jdbc.util.ReadAheadInputStream.fill(ReadAheadInputStream.java:112)
	at com.mysql.jdbc.util.ReadAheadInputStream.readFromUnderlyingStreamIfNecessary(ReadAheadInputStream.java:159)
	at com.mysql.jdbc.util.ReadAheadInputStream.read(ReadAheadInputStream.java:187)
	at com.mysql.jdbc.MysqlIO.readFully(MysqlIO.java:3140)
	at com.mysql.jdbc.MysqlIO.reuseAndReadPacket(MysqlIO.java:3597)
	... 82 more


[ERROR] 2019-04-25 19:10:28,043 method:xsl.match.service.impl.XslMatchRewardServiceImpl.getReward(XslMatchRewardServiceImpl.java:53)
getRewardId 参数为null


[ERROR] 2019-04-25 19:13:05,439 method:xsl.match.service.impl.XslMatchRewardServiceImpl.getReward(XslMatchRewardServiceImpl.java:53)
getRewardId 参数为null


[ERROR] 2019-04-25 19:16:30,223 method:xsl.match.service.impl.XslMatchRewardServiceImpl.getReward(XslMatchRewardServiceImpl.java:53)
getRewardId 参数为null


[ERROR] 2019-04-25 20:23:59,149 method:xsl.match.service.impl.XslMatchRewardServiceImpl.getReward(XslMatchRewardServiceImpl.java:53)
getRewardId 参数为null


[ERROR] 2019-04-25 20:25:30,812 method:xsl.match.service.impl.XslMatchRewardServiceImpl.getReward(XslMatchRewardServiceImpl.java:53)
getRewardId 参数为null


[ERROR] 2019-04-25 20:26:15,374 method:xsl.match.service.impl.XslMatchRewardServiceImpl.getReward(XslMatchRewardServiceImpl.java:53)
getRewardId 参数为null


[ERROR] 2019-04-25 20:26:58,453 method:xsl.match.service.impl.XslMatchRewardServiceImpl.getReward(XslMatchRewardServiceImpl.java:53)
getRewardId 参数为null


[ERROR] 2019-04-25 20:27:19,698 method:xsl.match.service.impl.XslMatchRewardServiceImpl.getReward(XslMatchRewardServiceImpl.java:53)
getRewardId 参数为null


[ERROR] 2019-04-25 20:27:40,546 method:xsl.match.service.impl.XslMatchRewardServiceImpl.getReward(XslMatchRewardServiceImpl.java:53)
getRewardId 参数为null


[ERROR] 2019-04-25 20:29:47,894 method:xsl.match.service.impl.XslMatchRewardServiceImpl.getReward(XslMatchRewardServiceImpl.java:53)
getRewardId 参数为null


[ERROR] 2019-04-25 20:30:24,618 method:xsl.match.service.impl.XslMatchRewardServiceImpl.getReward(XslMatchRewardServiceImpl.java:53)
getRewardId 参数为null


[ERROR] 2019-04-25 20:30:47,232 method:xsl.match.service.impl.XslMatchRewardServiceImpl.getReward(XslMatchRewardServiceImpl.java:53)
getRewardId 参数为null


[ERROR] 2019-04-25 20:32:24,123 method:xsl.match.service.impl.XslMatchRewardServiceImpl.getReward(XslMatchRewardServiceImpl.java:53)
getRewardId 参数为null


[ERROR] 2019-04-25 20:34:01,132 method:xsl.match.service.impl.XslMatchRewardServiceImpl.getReward(XslMatchRewardServiceImpl.java:53)
getRewardId 参数为null


[ERROR] 2019-04-25 20:35:33,794 method:xsl.match.service.impl.XslMatchRewardServiceImpl.getReward(XslMatchRewardServiceImpl.java:53)
getRewardId 参数为null


[ERROR] 2019-04-25 20:38:39,665 method:xsl.match.service.impl.XslMatchRewardServiceImpl.getReward(XslMatchRewardServiceImpl.java:53)
getRewardId 参数为null


[ERROR] 2019-04-25 20:41:27,362 method:xsl.match.service.impl.XslMatchRewardServiceImpl.getReward(XslMatchRewardServiceImpl.java:53)
getRewardId 参数为null


[ERROR] 2019-04-25 20:41:52,374 method:xsl.match.service.impl.XslMatchRewardServiceImpl.getReward(XslMatchRewardServiceImpl.java:53)
getRewardId 参数为null


[ERROR] 2019-04-25 20:44:47,081 method:xsl.match.service.impl.XslMatchRewardServiceImpl.getReward(XslMatchRewardServiceImpl.java:53)
getRewardId 参数为null


[ERROR] 2019-04-25 20:44:50,398 method:xsl.match.service.impl.XslMatchRewardServiceImpl.getReward(XslMatchRewardServiceImpl.java:53)
getRewardId 参数为null


[ERROR] 2019-04-25 20:44:53,289 method:xsl.match.service.impl.XslMatchRewardServiceImpl.getReward(XslMatchRewardServiceImpl.java:53)
getRewardId 参数为null


[ERROR] 2019-04-25 20:45:10,566 method:xsl.match.service.impl.XslMatchRewardServiceImpl.getReward(XslMatchRewardServiceImpl.java:53)
getRewardId 参数为null


[ERROR] 2019-04-25 20:45:12,947 method:xsl.match.service.impl.XslMatchRewardServiceImpl.getReward(XslMatchRewardServiceImpl.java:53)
getRewardId 参数为null


[ERROR] 2019-04-25 20:49:44,324 method:xsl.match.service.impl.XslMatchRewardServiceImpl.getReward(XslMatchRewardServiceImpl.java:53)
getRewardId 参数为null


[ERROR] 2019-04-25 20:52:35,464 method:xsl.match.service.impl.XslMatchRewardServiceImpl.getReward(XslMatchRewardServiceImpl.java:53)
getRewardId 参数为null


[ERROR] 2019-04-25 20:53:06,854 method:xsl.match.service.impl.XslMatchRewardServiceImpl.getReward(XslMatchRewardServiceImpl.java:53)
getRewardId 参数为null


[ERROR] 2019-04-25 20:56:54,293 method:xsl.match.service.impl.XslMatchRewardServiceImpl.getReward(XslMatchRewardServiceImpl.java:53)
getRewardId 参数为null


[ERROR] 2019-04-25 20:59:15,747 method:xsl.match.service.impl.XslMatchRewardServiceImpl.getReward(XslMatchRewardServiceImpl.java:53)
getRewardId 参数为null


[ERROR] 2019-04-25 21:03:03,070 method:xsl.match.service.impl.XslMatchRewardServiceImpl.getReward(XslMatchRewardServiceImpl.java:53)
getRewardId 参数为null


[ERROR] 2019-04-25 21:03:46,792 method:xsl.match.service.impl.XslMatchRewardServiceImpl.getReward(XslMatchRewardServiceImpl.java:53)
getRewardId 参数为null


[ERROR] 2019-04-25 21:04:25,950 method:xsl.match.service.impl.XslMatchRewardServiceImpl.getReward(XslMatchRewardServiceImpl.java:53)
getRewardId 参数为null


[ERROR] 2019-04-25 21:13:11,257 method:xsl.match.service.impl.XslMatchRewardServiceImpl.getReward(XslMatchRewardServiceImpl.java:53)
getRewardId 参数为null


[ERROR] 2019-04-25 21:13:33,575 method:xsl.match.service.impl.XslMatchRewardServiceImpl.getReward(XslMatchRewardServiceImpl.java:53)
getRewardId 参数为null


[ERROR] 2019-04-25 21:22:09,404 method:xsl.match.service.impl.XslMatchRewardServiceImpl.getReward(XslMatchRewardServiceImpl.java:53)
getRewardId 参数为null


[ERROR] 2019-04-25 21:23:22,410 method:xsl.match.service.impl.XslMatchRewardServiceImpl.getReward(XslMatchRewardServiceImpl.java:53)
getRewardId 参数为null


[ERROR] 2019-04-25 21:25:18,459 method:xsl.match.service.impl.XslMatchRewardServiceImpl.getReward(XslMatchRewardServiceImpl.java:53)
getRewardId 参数为null


[ERROR] 2019-04-25 21:31:28,495 method:xsl.match.service.impl.XslMatchRewardServiceImpl.getReward(XslMatchRewardServiceImpl.java:53)
getRewardId 参数为null


[ERROR] 2019-04-25 21:35:22,720 method:xsl.match.service.impl.XslMatchRewardServiceImpl.getReward(XslMatchRewardServiceImpl.java:53)
getRewardId 参数为null


[ERROR] 2019-04-25 21:35:51,008 method:xsl.match.service.impl.XslMatchRewardServiceImpl.getReward(XslMatchRewardServiceImpl.java:53)
getRewardId 参数为null


[ERROR] 2019-04-25 21:37:40,206 method:xsl.match.service.impl.XslMatchRewardServiceImpl.getReward(XslMatchRewardServiceImpl.java:53)
getRewardId 参数为null


[ERROR] 2019-04-26 10:05:54,279 method:xsl.match.service.impl.XslMatchRewardServiceImpl.getReward(XslMatchRewardServiceImpl.java:53)
getRewardId 参数为null


[ERROR] 2019-04-26 10:06:38,799 method:xsl.match.service.impl.XslMatchRewardServiceImpl.getReward(XslMatchRewardServiceImpl.java:53)
getRewardId 参数为null


[ERROR] 2019-04-26 10:07:46,523 method:xsl.match.service.impl.XslMatchRewardServiceImpl.getReward(XslMatchRewardServiceImpl.java:53)
getRewardId 参数为null


[ERROR] 2019-04-26 10:28:39,714 method:xsl.match.service.impl.XslMatchRewardServiceImpl.getReward(XslMatchRewardServiceImpl.java:53)
getRewardId 参数为null


[ERROR] 2019-04-26 10:42:19,388 method:xsl.match.service.impl.XslMatchRewardServiceImpl.getReward(XslMatchRewardServiceImpl.java:53)
getRewardId 参数为null


[ERROR] 2019-04-26 10:43:36,694 method:xsl.match.service.impl.XslMatchRewardServiceImpl.getReward(XslMatchRewardServiceImpl.java:53)
getRewardId 参数为null


[ERROR] 2019-04-26 10:46:10,685 method:xsl.match.service.impl.XslMatchRewardServiceImpl.getReward(XslMatchRewardServiceImpl.java:53)
getRewardId 参数为null


[ERROR] 2019-04-26 10:50:24,832 method:xsl.match.service.impl.XslMatchRewardServiceImpl.getReward(XslMatchRewardServiceImpl.java:53)
getRewardId 参数为null


[ERROR] 2019-04-26 10:53:23,246 method:xsl.match.service.impl.XslMatchRewardServiceImpl.getReward(XslMatchRewardServiceImpl.java:53)
getRewardId 参数为null


[ERROR] 2019-04-26 10:54:29,887 method:xsl.match.service.impl.XslMatchRewardServiceImpl.getReward(XslMatchRewardServiceImpl.java:53)
getRewardId 参数为null


[ERROR] 2019-04-26 10:56:36,915 method:xsl.match.service.impl.XslMatchRewardServiceImpl.getReward(XslMatchRewardServiceImpl.java:53)
getRewardId 参数为null


[ERROR] 2019-04-26 10:57:35,085 method:xsl.match.service.impl.XslMatchRewardServiceImpl.getReward(XslMatchRewardServiceImpl.java:53)
getRewardId 参数为null


[ERROR] 2019-04-26 10:59:36,290 method:xsl.match.service.impl.XslMatchRewardServiceImpl.getReward(XslMatchRewardServiceImpl.java:53)
getRewardId 参数为null


[ERROR] 2019-04-26 10:59:52,874 method:xsl.match.service.impl.XslMatchRewardServiceImpl.getReward(XslMatchRewardServiceImpl.java:53)
getRewardId 参数为null


[ERROR] 2019-04-26 11:01:20,595 method:xsl.match.service.impl.XslMatchRewardServiceImpl.getReward(XslMatchRewardServiceImpl.java:53)
getRewardId 参数为null


[ERROR] 2019-04-26 11:02:14,116 method:xsl.match.service.impl.XslMatchRewardServiceImpl.getReward(XslMatchRewardServiceImpl.java:53)
getRewardId 参数为null


[ERROR] 2019-04-26 11:04:31,546 method:xsl.match.service.impl.XslMatchRewardServiceImpl.getReward(XslMatchRewardServiceImpl.java:53)
getRewardId 参数为null


[ERROR] 2019-04-26 11:05:06,775 method:xsl.match.service.impl.XslMatchRewardServiceImpl.getReward(XslMatchRewardServiceImpl.java:53)
getRewardId 参数为null


[ERROR] 2019-04-26 11:07:05,990 method:xsl.match.service.impl.XslMatchRewardServiceImpl.getReward(XslMatchRewardServiceImpl.java:53)
getRewardId 参数为null


[ERROR] 2019-04-26 11:08:07,147 method:xsl.match.service.impl.XslMatchRewardServiceImpl.getReward(XslMatchRewardServiceImpl.java:53)
getRewardId 参数为null


[ERROR] 2019-04-26 11:12:33,328 method:xsl.match.service.impl.XslMatchRewardServiceImpl.getReward(XslMatchRewardServiceImpl.java:53)
getRewardId 参数为null


[ERROR] 2019-04-26 11:13:03,267 method:xsl.match.service.impl.XslMatchRewardServiceImpl.getReward(XslMatchRewardServiceImpl.java:53)
getRewardId 参数为null


[ERROR] 2019-04-26 11:16:51,636 method:xsl.match.service.impl.XslMatchRewardServiceImpl.getReward(XslMatchRewardServiceImpl.java:53)
getRewardId 参数为null


[ERROR] 2019-04-26 11:17:07,446 method:xsl.match.service.impl.XslMatchRewardServiceImpl.getReward(XslMatchRewardServiceImpl.java:53)
getRewardId 参数为null


[ERROR] 2019-04-26 11:18:12,768 method:xsl.match.service.impl.XslMatchRewardServiceImpl.getReward(XslMatchRewardServiceImpl.java:53)
getRewardId 参数为null


[ERROR] 2019-04-26 11:19:59,637 method:xsl.match.service.impl.XslMatchRewardServiceImpl.getReward(XslMatchRewardServiceImpl.java:53)
getRewardId 参数为null


[ERROR] 2019-04-26 11:20:34,787 method:xsl.match.service.impl.XslMatchRewardServiceImpl.getReward(XslMatchRewardServiceImpl.java:53)
getRewardId 参数为null


[ERROR] 2019-04-26 11:24:17,677 method:xsl.match.service.impl.XslMatchRewardServiceImpl.getReward(XslMatchRewardServiceImpl.java:53)
getRewardId 参数为null


[ERROR] 2019-04-26 11:24:53,880 method:xsl.match.service.impl.XslMatchRewardServiceImpl.getReward(XslMatchRewardServiceImpl.java:53)
getRewardId 参数为null


[ERROR] 2019-04-26 11:34:21,201 method:xsl.match.service.impl.XslMatchRewardServiceImpl.getReward(XslMatchRewardServiceImpl.java:53)
getRewardId 参数为null


[ERROR] 2019-04-26 12:01:13,573 method:xsl.match.service.impl.XslMatchRewardServiceImpl.getReward(XslMatchRewardServiceImpl.java:54)
getRewardId 参数为null


[ERROR] 2019-04-26 12:03:20,763 method:xsl.match.service.impl.XslRewardServiceImpl.updateReward(XslRewardServiceImpl.java:88)
updateReward 修改奖励失败


[ERROR] 2019-04-26 12:06:46,867 method:xsl.match.service.impl.XslRewardServiceImpl.updateReward(XslRewardServiceImpl.java:88)
updateReward 修改奖励失败


[ERROR] 2019-04-26 12:06:52,522 method:xsl.match.service.impl.XslMatchRewardServiceImpl.getReward(XslMatchRewardServiceImpl.java:54)
getRewardId 参数为null


[ERROR] 2019-04-26 12:06:59,328 method:xsl.match.service.impl.XslRewardServiceImpl.updateReward(XslRewardServiceImpl.java:88)
updateReward 修改奖励失败


[ERROR] 2019-04-26 12:11:23,001 method:xsl.match.service.impl.XslMatchRewardServiceImpl.getReward(XslMatchRewardServiceImpl.java:54)
getRewardId 参数为null


[ERROR] 2019-04-26 12:13:18,146 method:xsl.match.service.impl.XslRewardServiceImpl.updateReward(XslRewardServiceImpl.java:88)
updateReward 修改奖励失败


[ERROR] 2019-04-26 12:13:25,623 method:xsl.match.service.impl.XslMatchRewardServiceImpl.getReward(XslMatchRewardServiceImpl.java:54)
getRewardId 参数为null


[ERROR] 2019-04-26 12:14:57,696 method:xsl.match.service.impl.XslMatchRewardServiceImpl.getReward(XslMatchRewardServiceImpl.java:54)
getRewardId 参数为null


[ERROR] 2019-04-26 16:38:28,852 method:xsl.match.service.impl.XslMatchRewardServiceImpl.getReward(XslMatchRewardServiceImpl.java:51)
getRewardId 参数为null


[ERROR] 2019-04-26 16:46:18,500 method:xsl.match.service.impl.XslMatchRewardServiceImpl.getReward(XslMatchRewardServiceImpl.java:51)
getRewardId 参数为null


[ERROR] 2019-04-26 16:50:56,581 method:xsl.match.service.impl.XslMatchRewardServiceImpl.getReward(XslMatchRewardServiceImpl.java:51)
getRewardId 参数为null


[ERROR] 2019-04-26 16:51:50,081 method:xsl.match.service.impl.XslMatchRewardServiceImpl.getReward(XslMatchRewardServiceImpl.java:51)
getRewardId 参数为null


[ERROR] 2019-04-26 16:52:24,238 method:xsl.match.service.impl.XslMatchRewardServiceImpl.getReward(XslMatchRewardServiceImpl.java:51)
getRewardId 参数为null


[ERROR] 2019-04-26 17:07:57,508 method:xsl.match.service.impl.XslMatchRewardServiceImpl.getReward(XslMatchRewardServiceImpl.java:51)
getRewardId 参数为null


[ERROR] 2019-04-26 18:22:51,160 method:xsl.match.service.impl.XslMatchRewardServiceImpl.getReward(XslMatchRewardServiceImpl.java:51)
getRewardId 参数为null


[ERROR] 2019-04-26 18:27:07,555 method:xsl.match.service.impl.XslMatchRewardServiceImpl.getReward(XslMatchRewardServiceImpl.java:51)
getRewardId 参数为null


[ERROR] 2019-04-26 18:39:36,317 method:xsl.match.service.impl.XslMatchRewardServiceImpl.getReward(XslMatchRewardServiceImpl.java:51)
getRewardId 参数为null


[ERROR] 2019-04-26 18:54:30,498 method:xsl.match.service.impl.XslMatchRewardServiceImpl.deleteByRewardIdAndMatchId(XslMatchRewardServiceImpl.java:136)
deleteByRewardIdAndMatchId 删除数据失败 


[ERROR] 2019-04-28 10:20:53,720 method:org.springframework.web.servlet.FrameworkServlet.initServletBean(FrameworkServlet.java:497)
Context initialization failed
org.springframework.beans.factory.xml.XmlBeanDefinitionStoreException: Line 13 in XML document from file [D:\git-down\xslmatchteam\xsl-match-web\target\classes\spring\applicationContext-service.xml] is invalid; nested exception is org.xml.sax.SAXParseException; lineNumber: 13; columnNumber: 25; cvc-complex-type.2.4.c: 通配符的匹配很全面, 但无法找到元素 'aop:aspectj-autoproxy' 的声明。
	at org.springframework.beans.factory.xml.XmlBeanDefinitionReader.doLoadBeanDefinitions(XmlBeanDefinitionReader.java:399)
	at org.springframework.beans.factory.xml.XmlBeanDefinitionReader.loadBeanDefinitions(XmlBeanDefinitionReader.java:336)
	at org.springframework.beans.factory.xml.XmlBeanDefinitionReader.loadBeanDefinitions(XmlBeanDefinitionReader.java:304)
	at org.springframework.beans.factory.support.AbstractBeanDefinitionReader.loadBeanDefinitions(AbstractBeanDefinitionReader.java:181)
	at org.springframework.beans.factory.support.AbstractBeanDefinitionReader.loadBeanDefinitions(AbstractBeanDefinitionReader.java:217)
	at org.springframework.beans.factory.support.AbstractBeanDefinitionReader.loadBeanDefinitions(AbstractBeanDefinitionReader.java:188)
	at org.springframework.web.context.support.XmlWebApplicationContext.loadBeanDefinitions(XmlWebApplicationContext.java:125)
	at org.springframework.web.context.support.XmlWebApplicationContext.loadBeanDefinitions(XmlWebApplicationContext.java:94)
	at org.springframework.context.support.AbstractRefreshableApplicationContext.refreshBeanFactory(AbstractRefreshableApplicationContext.java:129)
	at org.springframework.context.support.AbstractApplicationContext.obtainFreshBeanFactory(AbstractApplicationContext.java:537)
	at org.springframework.context.support.AbstractApplicationContext.refresh(AbstractApplicationContext.java:452)
	at org.springframework.web.servlet.FrameworkServlet.configureAndRefreshWebApplicationContext(FrameworkServlet.java:663)
	at org.springframework.web.servlet.FrameworkServlet.createWebApplicationContext(FrameworkServlet.java:629)
	at org.springframework.web.servlet.FrameworkServlet.createWebApplicationContext(FrameworkServlet.java:677)
	at org.springframework.web.servlet.FrameworkServlet.initWebApplicationContext(FrameworkServlet.java:548)
	at org.springframework.web.servlet.FrameworkServlet.initServletBean(FrameworkServlet.java:489)
	at org.springframework.web.servlet.HttpServletBean.init(HttpServletBean.java:136)
	at javax.servlet.GenericServlet.init(GenericServlet.java:160)
	at org.apache.catalina.core.StandardWrapper.initServlet(StandardWrapper.java:1280)
	at org.apache.catalina.core.StandardWrapper.loadServlet(StandardWrapper.java:1193)
	at org.apache.catalina.core.StandardWrapper.load(StandardWrapper.java:1088)
	at org.apache.catalina.core.StandardContext.loadOnStartup(StandardContext.java:5176)
	at org.apache.catalina.core.StandardContext.startInternal(StandardContext.java:5460)
	at org.apache.catalina.util.LifecycleBase.start(LifecycleBase.java:150)
	at org.apache.catalina.core.ContainerBase$StartChild.call(ContainerBase.java:1559)
	at org.apache.catalina.core.ContainerBase$StartChild.call(ContainerBase.java:1549)
	at java.util.concurrent.FutureTask.run$$$capture(FutureTask.java:266)
	at java.util.concurrent.FutureTask.run(FutureTask.java)
	at java.util.concurrent.ThreadPoolExecutor.runWorker(ThreadPoolExecutor.java:1149)
	at java.util.concurrent.ThreadPoolExecutor$Worker.run(ThreadPoolExecutor.java:624)
	at java.lang.Thread.run(Thread.java:748)
Caused by: org.xml.sax.SAXParseException; lineNumber: 13; columnNumber: 25; cvc-complex-type.2.4.c: 通配符的匹配很全面, 但无法找到元素 'aop:aspectj-autoproxy' 的声明。
	at com.sun.org.apache.xerces.internal.util.ErrorHandlerWrapper.createSAXParseException(ErrorHandlerWrapper.java:203)
	at com.sun.org.apache.xerces.internal.util.ErrorHandlerWrapper.error(ErrorHandlerWrapper.java:134)
	at com.sun.org.apache.xerces.internal.impl.XMLErrorReporter.reportError(XMLErrorReporter.java:396)
	at com.sun.org.apache.xerces.internal.impl.XMLErrorReporter.reportError(XMLErrorReporter.java:327)
	at com.sun.org.apache.xerces.internal.impl.XMLErrorReporter.reportError(XMLErrorReporter.java:284)
	at com.sun.org.apache.xerces.internal.impl.xs.XMLSchemaValidator$XSIErrorReporter.reportError(XMLSchemaValidator.java:452)
	at com.sun.org.apache.xerces.internal.impl.xs.XMLSchemaValidator.reportSchemaError(XMLSchemaValidator.java:3230)
	at com.sun.org.apache.xerces.internal.impl.xs.XMLSchemaValidator.handleStartElement(XMLSchemaValidator.java:1911)
	at com.sun.org.apache.xerces.internal.impl.xs.XMLSchemaValidator.startElement(XMLSchemaValidator.java:740)
	at com.sun.org.apache.xerces.internal.impl.XMLNSDocumentScannerImpl.scanStartElement(XMLNSDocumentScannerImpl.java:374)
	at com.sun.org.apache.xerces.internal.impl.XMLDocumentFragmentScannerImpl$FragmentContentDriver.next(XMLDocumentFragmentScannerImpl.java:2784)
	at com.sun.org.apache.xerces.internal.impl.XMLDocumentScannerImpl.next(XMLDocumentScannerImpl.java:602)
	at com.sun.org.apache.xerces.internal.impl.XMLNSDocumentScannerImpl.next(XMLNSDocumentScannerImpl.java:112)
	at com.sun.org.apache.xerces.internal.impl.XMLDocumentFragmentScannerImpl.scanDocument(XMLDocumentFragmentScannerImpl.java:505)
	at com.sun.org.apache.xerces.internal.parsers.XML11Configuration.parse(XML11Configuration.java:841)
	at com.sun.org.apache.xerces.internal.parsers.XML11Configuration.parse(XML11Configuration.java:770)
	at com.sun.org.apache.xerces.internal.parsers.XMLParser.parse(XMLParser.java:141)
	at com.sun.org.apache.xerces.internal.parsers.DOMParser.parse(DOMParser.java:243)
	at com.sun.org.apache.xerces.internal.jaxp.DocumentBuilderImpl.parse(DocumentBuilderImpl.java:339)
	at org.springframework.beans.factory.xml.DefaultDocumentLoader.loadDocument(DefaultDocumentLoader.java:76)
	at org.springframework.beans.factory.xml.XmlBeanDefinitionReader.doLoadDocument(XmlBeanDefinitionReader.java:429)
	at org.springframework.beans.factory.xml.XmlBeanDefinitionReader.doLoadBeanDefinitions(XmlBeanDefinitionReader.java:391)
	... 30 more


[ERROR] 2019-04-28 10:21:10,233 method:org.springframework.web.servlet.FrameworkServlet.initServletBean(FrameworkServlet.java:497)
Context initialization failed
org.springframework.beans.factory.xml.XmlBeanDefinitionStoreException: Line 13 in XML document from file [D:\git-down\xslmatchteam\xsl-match-web\target\classes\spring\applicationContext-service.xml] is invalid; nested exception is org.xml.sax.SAXParseException; lineNumber: 13; columnNumber: 25; cvc-complex-type.2.4.c: 通配符的匹配很全面, 但无法找到元素 'aop:aspectj-autoproxy' 的声明。
	at org.springframework.beans.factory.xml.XmlBeanDefinitionReader.doLoadBeanDefinitions(XmlBeanDefinitionReader.java:399)
	at org.springframework.beans.factory.xml.XmlBeanDefinitionReader.loadBeanDefinitions(XmlBeanDefinitionReader.java:336)
	at org.springframework.beans.factory.xml.XmlBeanDefinitionReader.loadBeanDefinitions(XmlBeanDefinitionReader.java:304)
	at org.springframework.beans.factory.support.AbstractBeanDefinitionReader.loadBeanDefinitions(AbstractBeanDefinitionReader.java:181)
	at org.springframework.beans.factory.support.AbstractBeanDefinitionReader.loadBeanDefinitions(AbstractBeanDefinitionReader.java:217)
	at org.springframework.beans.factory.support.AbstractBeanDefinitionReader.loadBeanDefinitions(AbstractBeanDefinitionReader.java:188)
	at org.springframework.web.context.support.XmlWebApplicationContext.loadBeanDefinitions(XmlWebApplicationContext.java:125)
	at org.springframework.web.context.support.XmlWebApplicationContext.loadBeanDefinitions(XmlWebApplicationContext.java:94)
	at org.springframework.context.support.AbstractRefreshableApplicationContext.refreshBeanFactory(AbstractRefreshableApplicationContext.java:129)
	at org.springframework.context.support.AbstractApplicationContext.obtainFreshBeanFactory(AbstractApplicationContext.java:537)
	at org.springframework.context.support.AbstractApplicationContext.refresh(AbstractApplicationContext.java:452)
	at org.springframework.web.servlet.FrameworkServlet.configureAndRefreshWebApplicationContext(FrameworkServlet.java:663)
	at org.springframework.web.servlet.FrameworkServlet.createWebApplicationContext(FrameworkServlet.java:629)
	at org.springframework.web.servlet.FrameworkServlet.createWebApplicationContext(FrameworkServlet.java:677)
	at org.springframework.web.servlet.FrameworkServlet.initWebApplicationContext(FrameworkServlet.java:548)
	at org.springframework.web.servlet.FrameworkServlet.initServletBean(FrameworkServlet.java:489)
	at org.springframework.web.servlet.HttpServletBean.init(HttpServletBean.java:136)
	at javax.servlet.GenericServlet.init(GenericServlet.java:160)
	at org.apache.catalina.core.StandardWrapper.initServlet(StandardWrapper.java:1280)
	at org.apache.catalina.core.StandardWrapper.loadServlet(StandardWrapper.java:1193)
	at org.apache.catalina.core.StandardWrapper.allocate(StandardWrapper.java:865)
	at org.apache.catalina.core.StandardWrapperValve.invoke(StandardWrapperValve.java:136)
	at org.apache.catalina.core.StandardContextValve.invoke(StandardContextValve.java:123)
	at org.apache.catalina.authenticator.AuthenticatorBase.invoke(AuthenticatorBase.java:502)
	at org.apache.catalina.core.StandardHostValve.invoke(StandardHostValve.java:171)
	at org.apache.catalina.valves.ErrorReportValve.invoke(ErrorReportValve.java:100)
	at org.apache.catalina.valves.AccessLogValve.invoke(AccessLogValve.java:953)
	at org.apache.catalina.core.StandardEngineValve.invoke(StandardEngineValve.java:118)
	at org.apache.catalina.connector.CoyoteAdapter.service(CoyoteAdapter.java:408)
	at org.apache.coyote.http11.AbstractHttp11Processor.process(AbstractHttp11Processor.java:1041)
	at org.apache.coyote.AbstractProtocol$AbstractConnectionHandler.process(AbstractProtocol.java:603)
	at org.apache.tomcat.util.net.JIoEndpoint$SocketProcessor.run(JIoEndpoint.java:310)
	at java.util.concurrent.ThreadPoolExecutor.runWorker(ThreadPoolExecutor.java:1149)
	at java.util.concurrent.ThreadPoolExecutor$Worker.run(ThreadPoolExecutor.java:624)
	at java.lang.Thread.run(Thread.java:748)
Caused by: org.xml.sax.SAXParseException; lineNumber: 13; columnNumber: 25; cvc-complex-type.2.4.c: 通配符的匹配很全面, 但无法找到元素 'aop:aspectj-autoproxy' 的声明。
	at com.sun.org.apache.xerces.internal.util.ErrorHandlerWrapper.createSAXParseException(ErrorHandlerWrapper.java:203)
	at com.sun.org.apache.xerces.internal.util.ErrorHandlerWrapper.error(ErrorHandlerWrapper.java:134)
	at com.sun.org.apache.xerces.internal.impl.XMLErrorReporter.reportError(XMLErrorReporter.java:396)
	at com.sun.org.apache.xerces.internal.impl.XMLErrorReporter.reportError(XMLErrorReporter.java:327)
	at com.sun.org.apache.xerces.internal.impl.XMLErrorReporter.reportError(XMLErrorReporter.java:284)
	at com.sun.org.apache.xerces.internal.impl.xs.XMLSchemaValidator$XSIErrorReporter.reportError(XMLSchemaValidator.java:452)
	at com.sun.org.apache.xerces.internal.impl.xs.XMLSchemaValidator.reportSchemaError(XMLSchemaValidator.java:3230)
	at com.sun.org.apache.xerces.internal.impl.xs.XMLSchemaValidator.handleStartElement(XMLSchemaValidator.java:1911)
	at com.sun.org.apache.xerces.internal.impl.xs.XMLSchemaValidator.startElement(XMLSchemaValidator.java:740)
	at com.sun.org.apache.xerces.internal.impl.XMLNSDocumentScannerImpl.scanStartElement(XMLNSDocumentScannerImpl.java:374)
	at com.sun.org.apache.xerces.internal.impl.XMLDocumentFragmentScannerImpl$FragmentContentDriver.next(XMLDocumentFragmentScannerImpl.java:2784)
	at com.sun.org.apache.xerces.internal.impl.XMLDocumentScannerImpl.next(XMLDocumentScannerImpl.java:602)
	at com.sun.org.apache.xerces.internal.impl.XMLNSDocumentScannerImpl.next(XMLNSDocumentScannerImpl.java:112)
	at com.sun.org.apache.xerces.internal.impl.XMLDocumentFragmentScannerImpl.scanDocument(XMLDocumentFragmentScannerImpl.java:505)
	at com.sun.org.apache.xerces.internal.parsers.XML11Configuration.parse(XML11Configuration.java:841)
	at com.sun.org.apache.xerces.internal.parsers.XML11Configuration.parse(XML11Configuration.java:770)
	at com.sun.org.apache.xerces.internal.parsers.XMLParser.parse(XMLParser.java:141)
	at com.sun.org.apache.xerces.internal.parsers.DOMParser.parse(DOMParser.java:243)
	at com.sun.org.apache.xerces.internal.jaxp.DocumentBuilderImpl.parse(DocumentBuilderImpl.java:339)
	at org.springframework.beans.factory.xml.DefaultDocumentLoader.loadDocument(DefaultDocumentLoader.java:76)
	at org.springframework.beans.factory.xml.XmlBeanDefinitionReader.doLoadDocument(XmlBeanDefinitionReader.java:429)
	at org.springframework.beans.factory.xml.XmlBeanDefinitionReader.doLoadBeanDefinitions(XmlBeanDefinitionReader.java:391)
	... 34 more


[ERROR] 2019-04-28 10:21:10,668 method:org.springframework.web.servlet.FrameworkServlet.initServletBean(FrameworkServlet.java:497)
Context initialization failed
org.springframework.beans.factory.xml.XmlBeanDefinitionStoreException: Line 13 in XML document from file [D:\git-down\xslmatchteam\xsl-match-web\target\classes\spring\applicationContext-service.xml] is invalid; nested exception is org.xml.sax.SAXParseException; lineNumber: 13; columnNumber: 25; cvc-complex-type.2.4.c: 通配符的匹配很全面, 但无法找到元素 'aop:aspectj-autoproxy' 的声明。
	at org.springframework.beans.factory.xml.XmlBeanDefinitionReader.doLoadBeanDefinitions(XmlBeanDefinitionReader.java:399)
	at org.springframework.beans.factory.xml.XmlBeanDefinitionReader.loadBeanDefinitions(XmlBeanDefinitionReader.java:336)
	at org.springframework.beans.factory.xml.XmlBeanDefinitionReader.loadBeanDefinitions(XmlBeanDefinitionReader.java:304)
	at org.springframework.beans.factory.support.AbstractBeanDefinitionReader.loadBeanDefinitions(AbstractBeanDefinitionReader.java:181)
	at org.springframework.beans.factory.support.AbstractBeanDefinitionReader.loadBeanDefinitions(AbstractBeanDefinitionReader.java:217)
	at org.springframework.beans.factory.support.AbstractBeanDefinitionReader.loadBeanDefinitions(AbstractBeanDefinitionReader.java:188)
	at org.springframework.web.context.support.XmlWebApplicationContext.loadBeanDefinitions(XmlWebApplicationContext.java:125)
	at org.springframework.web.context.support.XmlWebApplicationContext.loadBeanDefinitions(XmlWebApplicationContext.java:94)
	at org.springframework.context.support.AbstractRefreshableApplicationContext.refreshBeanFactory(AbstractRefreshableApplicationContext.java:129)
	at org.springframework.context.support.AbstractApplicationContext.obtainFreshBeanFactory(AbstractApplicationContext.java:537)
	at org.springframework.context.support.AbstractApplicationContext.refresh(AbstractApplicationContext.java:452)
	at org.springframework.web.servlet.FrameworkServlet.configureAndRefreshWebApplicationContext(FrameworkServlet.java:663)
	at org.springframework.web.servlet.FrameworkServlet.createWebApplicationContext(FrameworkServlet.java:629)
	at org.springframework.web.servlet.FrameworkServlet.createWebApplicationContext(FrameworkServlet.java:677)
	at org.springframework.web.servlet.FrameworkServlet.initWebApplicationContext(FrameworkServlet.java:548)
	at org.springframework.web.servlet.FrameworkServlet.initServletBean(FrameworkServlet.java:489)
	at org.springframework.web.servlet.HttpServletBean.init(HttpServletBean.java:136)
	at javax.servlet.GenericServlet.init(GenericServlet.java:160)
	at org.apache.catalina.core.StandardWrapper.initServlet(StandardWrapper.java:1280)
	at org.apache.catalina.core.StandardWrapper.loadServlet(StandardWrapper.java:1193)
	at org.apache.catalina.core.StandardWrapper.allocate(StandardWrapper.java:865)
	at org.apache.catalina.core.StandardWrapperValve.invoke(StandardWrapperValve.java:136)
	at org.apache.catalina.core.StandardContextValve.invoke(StandardContextValve.java:123)
	at org.apache.catalina.authenticator.AuthenticatorBase.invoke(AuthenticatorBase.java:502)
	at org.apache.catalina.core.StandardHostValve.invoke(StandardHostValve.java:171)
	at org.apache.catalina.valves.ErrorReportValve.invoke(ErrorReportValve.java:100)
	at org.apache.catalina.valves.AccessLogValve.invoke(AccessLogValve.java:953)
	at org.apache.catalina.core.StandardEngineValve.invoke(StandardEngineValve.java:118)
	at org.apache.catalina.connector.CoyoteAdapter.service(CoyoteAdapter.java:408)
	at org.apache.coyote.http11.AbstractHttp11Processor.process(AbstractHttp11Processor.java:1041)
	at org.apache.coyote.AbstractProtocol$AbstractConnectionHandler.process(AbstractProtocol.java:603)
	at org.apache.tomcat.util.net.JIoEndpoint$SocketProcessor.run(JIoEndpoint.java:310)
	at java.util.concurrent.ThreadPoolExecutor.runWorker(ThreadPoolExecutor.java:1149)
	at java.util.concurrent.ThreadPoolExecutor$Worker.run(ThreadPoolExecutor.java:624)
	at java.lang.Thread.run(Thread.java:748)
Caused by: org.xml.sax.SAXParseException; lineNumber: 13; columnNumber: 25; cvc-complex-type.2.4.c: 通配符的匹配很全面, 但无法找到元素 'aop:aspectj-autoproxy' 的声明。
	at com.sun.org.apache.xerces.internal.util.ErrorHandlerWrapper.createSAXParseException(ErrorHandlerWrapper.java:203)
	at com.sun.org.apache.xerces.internal.util.ErrorHandlerWrapper.error(ErrorHandlerWrapper.java:134)
	at com.sun.org.apache.xerces.internal.impl.XMLErrorReporter.reportError(XMLErrorReporter.java:396)
	at com.sun.org.apache.xerces.internal.impl.XMLErrorReporter.reportError(XMLErrorReporter.java:327)
	at com.sun.org.apache.xerces.internal.impl.XMLErrorReporter.reportError(XMLErrorReporter.java:284)
	at com.sun.org.apache.xerces.internal.impl.xs.XMLSchemaValidator$XSIErrorReporter.reportError(XMLSchemaValidator.java:452)
	at com.sun.org.apache.xerces.internal.impl.xs.XMLSchemaValidator.reportSchemaError(XMLSchemaValidator.java:3230)
	at com.sun.org.apache.xerces.internal.impl.xs.XMLSchemaValidator.handleStartElement(XMLSchemaValidator.java:1911)
	at com.sun.org.apache.xerces.internal.impl.xs.XMLSchemaValidator.startElement(XMLSchemaValidator.java:740)
	at com.sun.org.apache.xerces.internal.impl.XMLNSDocumentScannerImpl.scanStartElement(XMLNSDocumentScannerImpl.java:374)
	at com.sun.org.apache.xerces.internal.impl.XMLDocumentFragmentScannerImpl$FragmentContentDriver.next(XMLDocumentFragmentScannerImpl.java:2784)
	at com.sun.org.apache.xerces.internal.impl.XMLDocumentScannerImpl.next(XMLDocumentScannerImpl.java:602)
	at com.sun.org.apache.xerces.internal.impl.XMLNSDocumentScannerImpl.next(XMLNSDocumentScannerImpl.java:112)
	at com.sun.org.apache.xerces.internal.impl.XMLDocumentFragmentScannerImpl.scanDocument(XMLDocumentFragmentScannerImpl.java:505)
	at com.sun.org.apache.xerces.internal.parsers.XML11Configuration.parse(XML11Configuration.java:841)
	at com.sun.org.apache.xerces.internal.parsers.XML11Configuration.parse(XML11Configuration.java:770)
	at com.sun.org.apache.xerces.internal.parsers.XMLParser.parse(XMLParser.java:141)
	at com.sun.org.apache.xerces.internal.parsers.DOMParser.parse(DOMParser.java:243)
	at com.sun.org.apache.xerces.internal.jaxp.DocumentBuilderImpl.parse(DocumentBuilderImpl.java:339)
	at org.springframework.beans.factory.xml.DefaultDocumentLoader.loadDocument(DefaultDocumentLoader.java:76)
	at org.springframework.beans.factory.xml.XmlBeanDefinitionReader.doLoadDocument(XmlBeanDefinitionReader.java:429)
	at org.springframework.beans.factory.xml.XmlBeanDefinitionReader.doLoadBeanDefinitions(XmlBeanDefinitionReader.java:391)
	... 34 more


[ERROR] 2019-04-28 10:32:58,918 method:org.springframework.web.servlet.FrameworkServlet.initServletBean(FrameworkServlet.java:497)
Context initialization failed
org.springframework.beans.factory.BeanCreationException: Error creating bean with name 'dataSource' defined in file [D:\git-down\xslmatchteam\xsl-match-web\target\classes\spring\applicationContext-dao.xml]: Initialization of bean failed; nested exception is java.lang.IllegalArgumentException: error Type referred to is not an annotation type: UpdateMatchBuffer
	at org.springframework.beans.factory.support.AbstractAutowireCapableBeanFactory.doCreateBean(AbstractAutowireCapableBeanFactory.java:547)
	at org.springframework.beans.factory.support.AbstractAutowireCapableBeanFactory.createBean(AbstractAutowireCapableBeanFactory.java:476)
	at org.springframework.beans.factory.support.AbstractBeanFactory$1.getObject(AbstractBeanFactory.java:302)
	at org.springframework.beans.factory.support.DefaultSingletonBeanRegistry.getSingleton(DefaultSingletonBeanRegistry.java:230)
	at org.springframework.beans.factory.support.AbstractBeanFactory.doGetBean(AbstractBeanFactory.java:298)
	at org.springframework.beans.factory.support.AbstractBeanFactory.getBean(AbstractBeanFactory.java:193)
	at org.springframework.beans.factory.support.DefaultListableBeanFactory.preInstantiateSingletons(DefaultListableBeanFactory.java:762)
	at org.springframework.context.support.AbstractApplicationContext.finishBeanFactoryInitialization(AbstractApplicationContext.java:757)
	at org.springframework.context.support.AbstractApplicationContext.refresh(AbstractApplicationContext.java:480)
	at org.springframework.web.servlet.FrameworkServlet.configureAndRefreshWebApplicationContext(FrameworkServlet.java:663)
	at org.springframework.web.servlet.FrameworkServlet.createWebApplicationContext(FrameworkServlet.java:629)
	at org.springframework.web.servlet.FrameworkServlet.createWebApplicationContext(FrameworkServlet.java:677)
	at org.springframework.web.servlet.FrameworkServlet.initWebApplicationContext(FrameworkServlet.java:548)
	at org.springframework.web.servlet.FrameworkServlet.initServletBean(FrameworkServlet.java:489)
	at org.springframework.web.servlet.HttpServletBean.init(HttpServletBean.java:136)
	at javax.servlet.GenericServlet.init(GenericServlet.java:160)
	at org.apache.catalina.core.StandardWrapper.initServlet(StandardWrapper.java:1280)
	at org.apache.catalina.core.StandardWrapper.loadServlet(StandardWrapper.java:1193)
	at org.apache.catalina.core.StandardWrapper.load(StandardWrapper.java:1088)
	at org.apache.catalina.core.StandardContext.loadOnStartup(StandardContext.java:5176)
	at org.apache.catalina.core.StandardContext.startInternal(StandardContext.java:5460)
	at org.apache.catalina.util.LifecycleBase.start(LifecycleBase.java:150)
	at org.apache.catalina.core.ContainerBase$StartChild.call(ContainerBase.java:1559)
	at org.apache.catalina.core.ContainerBase$StartChild.call(ContainerBase.java:1549)
	at java.util.concurrent.FutureTask.run(FutureTask.java:266)
	at java.util.concurrent.ThreadPoolExecutor.runWorker(ThreadPoolExecutor.java:1149)
	at java.util.concurrent.ThreadPoolExecutor$Worker.run(ThreadPoolExecutor.java:624)
	at java.lang.Thread.run(Thread.java:748)
Caused by: java.lang.IllegalArgumentException: error Type referred to is not an annotation type: UpdateMatchBuffer
	at org.aspectj.weaver.tools.PointcutParser.parsePointcutExpression(PointcutParser.java:301)
	at org.springframework.aop.aspectj.AspectJExpressionPointcut.buildPointcutExpression(AspectJExpressionPointcut.java:206)
	at org.springframework.aop.aspectj.AspectJExpressionPointcut.checkReadyToMatch(AspectJExpressionPointcut.java:192)
	at org.springframework.aop.aspectj.AspectJExpressionPointcut.getClassFilter(AspectJExpressionPointcut.java:169)
	at org.springframework.aop.support.AopUtils.canApply(AopUtils.java:208)
	at org.springframework.aop.support.AopUtils.canApply(AopUtils.java:262)
	at org.springframework.aop.support.AopUtils.findAdvisorsThatCanApply(AopUtils.java:294)
	at org.springframework.aop.framework.autoproxy.AbstractAdvisorAutoProxyCreator.findAdvisorsThatCanApply(AbstractAdvisorAutoProxyCreator.java:118)
	at org.springframework.aop.framework.autoproxy.AbstractAdvisorAutoProxyCreator.findEligibleAdvisors(AbstractAdvisorAutoProxyCreator.java:88)
	at org.springframework.aop.framework.autoproxy.AbstractAdvisorAutoProxyCreator.getAdvicesAndAdvisorsForBean(AbstractAdvisorAutoProxyCreator.java:69)
	at org.springframework.aop.framework.autoproxy.AbstractAutoProxyCreator.wrapIfNecessary(AbstractAutoProxyCreator.java:330)
	at org.springframework.aop.framework.autoproxy.AbstractAutoProxyCreator.postProcessAfterInitialization(AbstractAutoProxyCreator.java:293)
	at org.springframework.beans.factory.support.AbstractAutowireCapableBeanFactory.applyBeanPostProcessorsAfterInitialization(AbstractAutowireCapableBeanFactory.java:422)
	at org.springframework.beans.factory.support.AbstractAutowireCapableBeanFactory.initializeBean(AbstractAutowireCapableBeanFactory.java:1571)
	at org.springframework.beans.factory.support.AbstractAutowireCapableBeanFactory.doCreateBean(AbstractAutowireCapableBeanFactory.java:539)
	... 27 more


[ERROR] 2019-04-28 14:29:48,906 method:org.springframework.web.servlet.FrameworkServlet.initServletBean(FrameworkServlet.java:497)
Context initialization failed
org.springframework.beans.factory.BeanCreationException: Error creating bean with name 'targetConnectionFactory' defined in file [D:\git-down\xslmatchteam\xsl-match-web\target\classes\spring\applicationConfig-mq.xml]: Initialization of bean failed; nested exception is java.lang.IllegalArgumentException: error Type referred to is not an annotation type: com$xsl$annotation$SelectMatch
	at org.springframework.beans.factory.support.AbstractAutowireCapableBeanFactory.doCreateBean(AbstractAutowireCapableBeanFactory.java:547)
	at org.springframework.beans.factory.support.AbstractAutowireCapableBeanFactory.createBean(AbstractAutowireCapableBeanFactory.java:476)
	at org.springframework.beans.factory.support.AbstractBeanFactory$1.getObject(AbstractBeanFactory.java:302)
	at org.springframework.beans.factory.support.DefaultSingletonBeanRegistry.getSingleton(DefaultSingletonBeanRegistry.java:230)
	at org.springframework.beans.factory.support.AbstractBeanFactory.doGetBean(AbstractBeanFactory.java:298)
	at org.springframework.beans.factory.support.AbstractBeanFactory.getBean(AbstractBeanFactory.java:193)
	at org.springframework.beans.factory.support.DefaultListableBeanFactory.preInstantiateSingletons(DefaultListableBeanFactory.java:762)
	at org.springframework.context.support.AbstractApplicationContext.finishBeanFactoryInitialization(AbstractApplicationContext.java:757)
	at org.springframework.context.support.AbstractApplicationContext.refresh(AbstractApplicationContext.java:480)
	at org.springframework.web.servlet.FrameworkServlet.configureAndRefreshWebApplicationContext(FrameworkServlet.java:663)
	at org.springframework.web.servlet.FrameworkServlet.createWebApplicationContext(FrameworkServlet.java:629)
	at org.springframework.web.servlet.FrameworkServlet.createWebApplicationContext(FrameworkServlet.java:677)
	at org.springframework.web.servlet.FrameworkServlet.initWebApplicationContext(FrameworkServlet.java:548)
	at org.springframework.web.servlet.FrameworkServlet.initServletBean(FrameworkServlet.java:489)
	at org.springframework.web.servlet.HttpServletBean.init(HttpServletBean.java:136)
	at javax.servlet.GenericServlet.init(GenericServlet.java:160)
	at org.apache.catalina.core.StandardWrapper.initServlet(StandardWrapper.java:1280)
	at org.apache.catalina.core.StandardWrapper.loadServlet(StandardWrapper.java:1193)
	at org.apache.catalina.core.StandardWrapper.load(StandardWrapper.java:1088)
	at org.apache.catalina.core.StandardContext.loadOnStartup(StandardContext.java:5176)
	at org.apache.catalina.core.StandardContext.startInternal(StandardContext.java:5460)
	at org.apache.catalina.util.LifecycleBase.start(LifecycleBase.java:150)
	at org.apache.catalina.core.ContainerBase$StartChild.call(ContainerBase.java:1559)
	at org.apache.catalina.core.ContainerBase$StartChild.call(ContainerBase.java:1549)
	at java.util.concurrent.FutureTask.run$$$capture(FutureTask.java:266)
	at java.util.concurrent.FutureTask.run(FutureTask.java)
	at java.util.concurrent.ThreadPoolExecutor.runWorker(ThreadPoolExecutor.java:1149)
	at java.util.concurrent.ThreadPoolExecutor$Worker.run(ThreadPoolExecutor.java:624)
	at java.lang.Thread.run(Thread.java:748)
Caused by: java.lang.IllegalArgumentException: error Type referred to is not an annotation type: com$xsl$annotation$SelectMatch
	at org.aspectj.weaver.tools.PointcutParser.parsePointcutExpression(PointcutParser.java:301)
	at org.springframework.aop.aspectj.AspectJExpressionPointcut.buildPointcutExpression(AspectJExpressionPointcut.java:206)
	at org.springframework.aop.aspectj.AspectJExpressionPointcut.checkReadyToMatch(AspectJExpressionPointcut.java:192)
	at org.springframework.aop.aspectj.AspectJExpressionPointcut.getClassFilter(AspectJExpressionPointcut.java:169)
	at org.springframework.aop.support.AopUtils.canApply(AopUtils.java:208)
	at org.springframework.aop.support.AopUtils.canApply(AopUtils.java:262)
	at org.springframework.aop.support.AopUtils.findAdvisorsThatCanApply(AopUtils.java:294)
	at org.springframework.aop.framework.autoproxy.AbstractAdvisorAutoProxyCreator.findAdvisorsThatCanApply(AbstractAdvisorAutoProxyCreator.java:118)
	at org.springframework.aop.framework.autoproxy.AbstractAdvisorAutoProxyCreator.findEligibleAdvisors(AbstractAdvisorAutoProxyCreator.java:88)
	at org.springframework.aop.framework.autoproxy.AbstractAdvisorAutoProxyCreator.getAdvicesAndAdvisorsForBean(AbstractAdvisorAutoProxyCreator.java:69)
	at org.springframework.aop.framework.autoproxy.AbstractAutoProxyCreator.wrapIfNecessary(AbstractAutoProxyCreator.java:330)
	at org.springframework.aop.framework.autoproxy.AbstractAutoProxyCreator.postProcessAfterInitialization(AbstractAutoProxyCreator.java:293)
	at org.springframework.beans.factory.support.AbstractAutowireCapableBeanFactory.applyBeanPostProcessorsAfterInitialization(AbstractAutowireCapableBeanFactory.java:422)
	at org.springframework.beans.factory.support.AbstractAutowireCapableBeanFactory.initializeBean(AbstractAutowireCapableBeanFactory.java:1571)
	at org.springframework.beans.factory.support.AbstractAutowireCapableBeanFactory.doCreateBean(AbstractAutowireCapableBeanFactory.java:539)
	... 28 more


[ERROR] 2019-04-28 14:31:10,087 method:org.springframework.web.servlet.FrameworkServlet.initServletBean(FrameworkServlet.java:497)
Context initialization failed
org.springframework.beans.factory.BeanCreationException: Error creating bean with name 'dataSource' defined in file [D:\git-down\xslmatchteam\xsl-match-web\target\classes\spring\applicationContext-dao.xml]: Initialization of bean failed; nested exception is java.lang.IllegalArgumentException: error Type referred to is not an annotation type: com$xsl$annotation$SelectMatch
	at org.springframework.beans.factory.support.AbstractAutowireCapableBeanFactory.doCreateBean(AbstractAutowireCapableBeanFactory.java:547)
	at org.springframework.beans.factory.support.AbstractAutowireCapableBeanFactory.createBean(AbstractAutowireCapableBeanFactory.java:476)
	at org.springframework.beans.factory.support.AbstractBeanFactory$1.getObject(AbstractBeanFactory.java:302)
	at org.springframework.beans.factory.support.DefaultSingletonBeanRegistry.getSingleton(DefaultSingletonBeanRegistry.java:230)
	at org.springframework.beans.factory.support.AbstractBeanFactory.doGetBean(AbstractBeanFactory.java:298)
	at org.springframework.beans.factory.support.AbstractBeanFactory.getBean(AbstractBeanFactory.java:193)
	at org.springframework.beans.factory.support.DefaultListableBeanFactory.preInstantiateSingletons(DefaultListableBeanFactory.java:762)
	at org.springframework.context.support.AbstractApplicationContext.finishBeanFactoryInitialization(AbstractApplicationContext.java:757)
	at org.springframework.context.support.AbstractApplicationContext.refresh(AbstractApplicationContext.java:480)
	at org.springframework.web.servlet.FrameworkServlet.configureAndRefreshWebApplicationContext(FrameworkServlet.java:663)
	at org.springframework.web.servlet.FrameworkServlet.createWebApplicationContext(FrameworkServlet.java:629)
	at org.springframework.web.servlet.FrameworkServlet.createWebApplicationContext(FrameworkServlet.java:677)
	at org.springframework.web.servlet.FrameworkServlet.initWebApplicationContext(FrameworkServlet.java:548)
	at org.springframework.web.servlet.FrameworkServlet.initServletBean(FrameworkServlet.java:489)
	at org.springframework.web.servlet.HttpServletBean.init(HttpServletBean.java:136)
	at javax.servlet.GenericServlet.init(GenericServlet.java:160)
	at org.apache.catalina.core.StandardWrapper.initServlet(StandardWrapper.java:1280)
	at org.apache.catalina.core.StandardWrapper.loadServlet(StandardWrapper.java:1193)
	at org.apache.catalina.core.StandardWrapper.load(StandardWrapper.java:1088)
	at org.apache.catalina.core.StandardContext.loadOnStartup(StandardContext.java:5176)
	at org.apache.catalina.core.StandardContext.startInternal(StandardContext.java:5460)
	at org.apache.catalina.util.LifecycleBase.start(LifecycleBase.java:150)
	at org.apache.catalina.core.ContainerBase$StartChild.call(ContainerBase.java:1559)
	at org.apache.catalina.core.ContainerBase$StartChild.call(ContainerBase.java:1549)
	at java.util.concurrent.FutureTask.run$$$capture(FutureTask.java:266)
	at java.util.concurrent.FutureTask.run(FutureTask.java)
	at java.util.concurrent.ThreadPoolExecutor.runWorker(ThreadPoolExecutor.java:1149)
	at java.util.concurrent.ThreadPoolExecutor$Worker.run(ThreadPoolExecutor.java:624)
	at java.lang.Thread.run(Thread.java:748)
Caused by: java.lang.IllegalArgumentException: error Type referred to is not an annotation type: com$xsl$annotation$SelectMatch
	at org.aspectj.weaver.tools.PointcutParser.parsePointcutExpression(PointcutParser.java:301)
	at org.springframework.aop.aspectj.AspectJExpressionPointcut.buildPointcutExpression(AspectJExpressionPointcut.java:206)
	at org.springframework.aop.aspectj.AspectJExpressionPointcut.checkReadyToMatch(AspectJExpressionPointcut.java:192)
	at org.springframework.aop.aspectj.AspectJExpressionPointcut.getClassFilter(AspectJExpressionPointcut.java:169)
	at org.springframework.aop.support.AopUtils.canApply(AopUtils.java:208)
	at org.springframework.aop.support.AopUtils.canApply(AopUtils.java:262)
	at org.springframework.aop.support.AopUtils.findAdvisorsThatCanApply(AopUtils.java:294)
	at org.springframework.aop.framework.autoproxy.AbstractAdvisorAutoProxyCreator.findAdvisorsThatCanApply(AbstractAdvisorAutoProxyCreator.java:118)
	at org.springframework.aop.framework.autoproxy.AbstractAdvisorAutoProxyCreator.findEligibleAdvisors(AbstractAdvisorAutoProxyCreator.java:88)
	at org.springframework.aop.framework.autoproxy.AbstractAdvisorAutoProxyCreator.getAdvicesAndAdvisorsForBean(AbstractAdvisorAutoProxyCreator.java:69)
	at org.springframework.aop.framework.autoproxy.AbstractAutoProxyCreator.wrapIfNecessary(AbstractAutoProxyCreator.java:330)
	at org.springframework.aop.framework.autoproxy.AbstractAutoProxyCreator.postProcessAfterInitialization(AbstractAutoProxyCreator.java:293)
	at org.springframework.beans.factory.support.AbstractAutowireCapableBeanFactory.applyBeanPostProcessorsAfterInitialization(AbstractAutowireCapableBeanFactory.java:422)
	at org.springframework.beans.factory.support.AbstractAutowireCapableBeanFactory.initializeBean(AbstractAutowireCapableBeanFactory.java:1571)
	at org.springframework.beans.factory.support.AbstractAutowireCapableBeanFactory.doCreateBean(AbstractAutowireCapableBeanFactory.java:539)
	... 28 more


[ERROR] 2019-04-28 21:04:42,377 method:org.springframework.web.servlet.FrameworkServlet.initServletBean(FrameworkServlet.java:497)
Context initialization failed
org.springframework.beans.factory.BeanCreationException: Error creating bean with name 'sqlSessionFactory' defined in file [D:\git-down\xslmatchteam\xsl-match-web\target\classes\spring\applicationContext-dao.xml]: Invocation of init method failed; nested exception is org.springframework.core.NestedIOException: Failed to parse mapping resource: 'class path resource [xsl/match/mapper/XslTagMapper.xml]'; nested exception is org.apache.ibatis.builder.BuilderException: Error parsing Mapper XML. Cause: org.apache.ibatis.builder.BuilderException: Error resolving class. Cause: org.apache.ibatis.type.TypeException: Could not resolve type alias 'com.xsl.com.xsl.pojo.XslTagExample'.  Cause: java.lang.ClassNotFoundException: Cannot find class: com.xsl.com.xsl.pojo.XslTagExample
	at org.springframework.beans.factory.support.AbstractAutowireCapableBeanFactory.initializeBean(AbstractAutowireCapableBeanFactory.java:1566)
	at org.springframework.beans.factory.support.AbstractAutowireCapableBeanFactory.doCreateBean(AbstractAutowireCapableBeanFactory.java:539)
	at org.springframework.beans.factory.support.AbstractAutowireCapableBeanFactory.createBean(AbstractAutowireCapableBeanFactory.java:476)
	at org.springframework.beans.factory.support.AbstractBeanFactory$1.getObject(AbstractBeanFactory.java:302)
	at org.springframework.beans.factory.support.DefaultSingletonBeanRegistry.getSingleton(DefaultSingletonBeanRegistry.java:230)
	at org.springframework.beans.factory.support.AbstractBeanFactory.doGetBean(AbstractBeanFactory.java:298)
	at org.springframework.beans.factory.support.AbstractBeanFactory.getBean(AbstractBeanFactory.java:193)
	at org.springframework.beans.factory.support.DefaultListableBeanFactory.preInstantiateSingletons(DefaultListableBeanFactory.java:743)
	at org.springframework.context.support.AbstractApplicationContext.finishBeanFactoryInitialization(AbstractApplicationContext.java:757)
	at org.springframework.context.support.AbstractApplicationContext.refresh(AbstractApplicationContext.java:480)
	at org.springframework.web.servlet.FrameworkServlet.configureAndRefreshWebApplicationContext(FrameworkServlet.java:663)
	at org.springframework.web.servlet.FrameworkServlet.createWebApplicationContext(FrameworkServlet.java:629)
	at org.springframework.web.servlet.FrameworkServlet.createWebApplicationContext(FrameworkServlet.java:677)
	at org.springframework.web.servlet.FrameworkServlet.initWebApplicationContext(FrameworkServlet.java:548)
	at org.springframework.web.servlet.FrameworkServlet.initServletBean(FrameworkServlet.java:489)
	at org.springframework.web.servlet.HttpServletBean.init(HttpServletBean.java:136)
	at javax.servlet.GenericServlet.init(GenericServlet.java:160)
	at org.apache.catalina.core.StandardWrapper.initServlet(StandardWrapper.java:1280)
	at org.apache.catalina.core.StandardWrapper.loadServlet(StandardWrapper.java:1193)
	at org.apache.catalina.core.StandardWrapper.load(StandardWrapper.java:1088)
	at org.apache.catalina.core.StandardContext.loadOnStartup(StandardContext.java:5176)
	at org.apache.catalina.core.StandardContext.startInternal(StandardContext.java:5460)
	at org.apache.catalina.util.LifecycleBase.start(LifecycleBase.java:150)
	at org.apache.catalina.core.ContainerBase$StartChild.call(ContainerBase.java:1559)
	at org.apache.catalina.core.ContainerBase$StartChild.call(ContainerBase.java:1549)
	at java.util.concurrent.FutureTask.run(FutureTask.java:266)
	at java.util.concurrent.ThreadPoolExecutor.runWorker(ThreadPoolExecutor.java:1149)
	at java.util.concurrent.ThreadPoolExecutor$Worker.run(ThreadPoolExecutor.java:624)
	at java.lang.Thread.run(Thread.java:748)
Caused by: org.springframework.core.NestedIOException: Failed to parse mapping resource: 'class path resource [xsl/match/mapper/XslTagMapper.xml]'; nested exception is org.apache.ibatis.builder.BuilderException: Error parsing Mapper XML. Cause: org.apache.ibatis.builder.BuilderException: Error resolving class. Cause: org.apache.ibatis.type.TypeException: Could not resolve type alias 'com.xsl.com.xsl.pojo.XslTagExample'.  Cause: java.lang.ClassNotFoundException: Cannot find class: com.xsl.com.xsl.pojo.XslTagExample
	at org.mybatis.spring.SqlSessionFactoryBean.buildSqlSessionFactory(SqlSessionFactoryBean.java:466)
	at org.mybatis.spring.SqlSessionFactoryBean.afterPropertiesSet(SqlSessionFactoryBean.java:340)
	at org.springframework.beans.factory.support.AbstractAutowireCapableBeanFactory.invokeInitMethods(AbstractAutowireCapableBeanFactory.java:1625)
	at org.springframework.beans.factory.support.AbstractAutowireCapableBeanFactory.initializeBean(AbstractAutowireCapableBeanFactory.java:1562)
	... 28 more
Caused by: org.apache.ibatis.builder.BuilderException: Error parsing Mapper XML. Cause: org.apache.ibatis.builder.BuilderException: Error resolving class. Cause: org.apache.ibatis.type.TypeException: Could not resolve type alias 'com.xsl.com.xsl.pojo.XslTagExample'.  Cause: java.lang.ClassNotFoundException: Cannot find class: com.xsl.com.xsl.pojo.XslTagExample
	at org.apache.ibatis.builder.xml.XMLMapperBuilder.configurationElement(XMLMapperBuilder.java:120)
	at org.apache.ibatis.builder.xml.XMLMapperBuilder.parse(XMLMapperBuilder.java:92)
	at org.mybatis.spring.SqlSessionFactoryBean.buildSqlSessionFactory(SqlSessionFactoryBean.java:464)
	... 31 more
Caused by: org.apache.ibatis.builder.BuilderException: Error resolving class. Cause: org.apache.ibatis.type.TypeException: Could not resolve type alias 'com.xsl.com.xsl.pojo.XslTagExample'.  Cause: java.lang.ClassNotFoundException: Cannot find class: com.xsl.com.xsl.pojo.XslTagExample
	at org.apache.ibatis.builder.BaseBuilder.resolveClass(BaseBuilder.java:103)
	at org.apache.ibatis.builder.xml.XMLStatementBuilder.parseStatementNode(XMLStatementBuilder.java:66)
	at org.apache.ibatis.builder.xml.XMLMapperBuilder.buildStatementFromContext(XMLMapperBuilder.java:135)
	at org.apache.ibatis.builder.xml.XMLMapperBuilder.buildStatementFromContext(XMLMapperBuilder.java:128)
	at org.apache.ibatis.builder.xml.XMLMapperBuilder.configurationElement(XMLMapperBuilder.java:118)
	... 33 more
Caused by: org.apache.ibatis.type.TypeException: Could not resolve type alias 'com.xsl.com.xsl.pojo.XslTagExample'.  Cause: java.lang.ClassNotFoundException: Cannot find class: com.xsl.com.xsl.pojo.XslTagExample
	at org.apache.ibatis.type.TypeAliasRegistry.resolveAlias(TypeAliasRegistry.java:117)
	at org.apache.ibatis.builder.BaseBuilder.resolveAlias(BaseBuilder.java:130)
	at org.apache.ibatis.builder.BaseBuilder.resolveClass(BaseBuilder.java:101)
	... 37 more
Caused by: java.lang.ClassNotFoundException: Cannot find class: com.xsl.com.xsl.pojo.XslTagExample
	at org.apache.ibatis.io.ClassLoaderWrapper.classForName(ClassLoaderWrapper.java:190)
	at org.apache.ibatis.io.ClassLoaderWrapper.classForName(ClassLoaderWrapper.java:89)
	at org.apache.ibatis.io.Resources.classForName(Resources.java:256)
	at org.apache.ibatis.type.TypeAliasRegistry.resolveAlias(TypeAliasRegistry.java:113)
	... 39 more


[ERROR] 2019-04-28 21:05:49,344 method:org.springframework.web.servlet.FrameworkServlet.initServletBean(FrameworkServlet.java:497)
Context initialization failed
org.springframework.beans.factory.BeanCreationException: Error creating bean with name 'sqlSessionFactory' defined in file [D:\git-down\xslmatchteam\xsl-match-web\target\classes\spring\applicationContext-dao.xml]: Invocation of init method failed; nested exception is org.springframework.core.NestedIOException: Failed to parse mapping resource: 'class path resource [xsl/match/mapper/XslTagMapper.xml]'; nested exception is org.apache.ibatis.builder.BuilderException: Error parsing Mapper XML. Cause: org.apache.ibatis.builder.BuilderException: Error resolving class. Cause: org.apache.ibatis.type.TypeException: Could not resolve type alias 'com.xsl.com.xsl.pojo.XslTagExample'.  Cause: java.lang.ClassNotFoundException: Cannot find class: com.xsl.com.xsl.pojo.XslTagExample
	at org.springframework.beans.factory.support.AbstractAutowireCapableBeanFactory.initializeBean(AbstractAutowireCapableBeanFactory.java:1566)
	at org.springframework.beans.factory.support.AbstractAutowireCapableBeanFactory.doCreateBean(AbstractAutowireCapableBeanFactory.java:539)
	at org.springframework.beans.factory.support.AbstractAutowireCapableBeanFactory.createBean(AbstractAutowireCapableBeanFactory.java:476)
	at org.springframework.beans.factory.support.AbstractBeanFactory$1.getObject(AbstractBeanFactory.java:302)
	at org.springframework.beans.factory.support.DefaultSingletonBeanRegistry.getSingleton(DefaultSingletonBeanRegistry.java:230)
	at org.springframework.beans.factory.support.AbstractBeanFactory.doGetBean(AbstractBeanFactory.java:298)
	at org.springframework.beans.factory.support.AbstractBeanFactory.getBean(AbstractBeanFactory.java:193)
	at org.springframework.beans.factory.support.DefaultListableBeanFactory.preInstantiateSingletons(DefaultListableBeanFactory.java:743)
	at org.springframework.context.support.AbstractApplicationContext.finishBeanFactoryInitialization(AbstractApplicationContext.java:757)
	at org.springframework.context.support.AbstractApplicationContext.refresh(AbstractApplicationContext.java:480)
	at org.springframework.web.servlet.FrameworkServlet.configureAndRefreshWebApplicationContext(FrameworkServlet.java:663)
	at org.springframework.web.servlet.FrameworkServlet.createWebApplicationContext(FrameworkServlet.java:629)
	at org.springframework.web.servlet.FrameworkServlet.createWebApplicationContext(FrameworkServlet.java:677)
	at org.springframework.web.servlet.FrameworkServlet.initWebApplicationContext(FrameworkServlet.java:548)
	at org.springframework.web.servlet.FrameworkServlet.initServletBean(FrameworkServlet.java:489)
	at org.springframework.web.servlet.HttpServletBean.init(HttpServletBean.java:136)
	at javax.servlet.GenericServlet.init(GenericServlet.java:160)
	at org.apache.catalina.core.StandardWrapper.initServlet(StandardWrapper.java:1280)
	at org.apache.catalina.core.StandardWrapper.loadServlet(StandardWrapper.java:1193)
	at org.apache.catalina.core.StandardWrapper.load(StandardWrapper.java:1088)
	at org.apache.catalina.core.StandardContext.loadOnStartup(StandardContext.java:5176)
	at org.apache.catalina.core.StandardContext.startInternal(StandardContext.java:5460)
	at org.apache.catalina.util.LifecycleBase.start(LifecycleBase.java:150)
	at org.apache.catalina.core.ContainerBase$StartChild.call(ContainerBase.java:1559)
	at org.apache.catalina.core.ContainerBase$StartChild.call(ContainerBase.java:1549)
	at java.util.concurrent.FutureTask.run(FutureTask.java:266)
	at java.util.concurrent.ThreadPoolExecutor.runWorker(ThreadPoolExecutor.java:1149)
	at java.util.concurrent.ThreadPoolExecutor$Worker.run(ThreadPoolExecutor.java:624)
	at java.lang.Thread.run(Thread.java:748)
Caused by: org.springframework.core.NestedIOException: Failed to parse mapping resource: 'class path resource [xsl/match/mapper/XslTagMapper.xml]'; nested exception is org.apache.ibatis.builder.BuilderException: Error parsing Mapper XML. Cause: org.apache.ibatis.builder.BuilderException: Error resolving class. Cause: org.apache.ibatis.type.TypeException: Could not resolve type alias 'com.xsl.com.xsl.pojo.XslTagExample'.  Cause: java.lang.ClassNotFoundException: Cannot find class: com.xsl.com.xsl.pojo.XslTagExample
	at org.mybatis.spring.SqlSessionFactoryBean.buildSqlSessionFactory(SqlSessionFactoryBean.java:466)
	at org.mybatis.spring.SqlSessionFactoryBean.afterPropertiesSet(SqlSessionFactoryBean.java:340)
	at org.springframework.beans.factory.support.AbstractAutowireCapableBeanFactory.invokeInitMethods(AbstractAutowireCapableBeanFactory.java:1625)
	at org.springframework.beans.factory.support.AbstractAutowireCapableBeanFactory.initializeBean(AbstractAutowireCapableBeanFactory.java:1562)
	... 28 more
Caused by: org.apache.ibatis.builder.BuilderException: Error parsing Mapper XML. Cause: org.apache.ibatis.builder.BuilderException: Error resolving class. Cause: org.apache.ibatis.type.TypeException: Could not resolve type alias 'com.xsl.com.xsl.pojo.XslTagExample'.  Cause: java.lang.ClassNotFoundException: Cannot find class: com.xsl.com.xsl.pojo.XslTagExample
	at org.apache.ibatis.builder.xml.XMLMapperBuilder.configurationElement(XMLMapperBuilder.java:120)
	at org.apache.ibatis.builder.xml.XMLMapperBuilder.parse(XMLMapperBuilder.java:92)
	at org.mybatis.spring.SqlSessionFactoryBean.buildSqlSessionFactory(SqlSessionFactoryBean.java:464)
	... 31 more
Caused by: org.apache.ibatis.builder.BuilderException: Error resolving class. Cause: org.apache.ibatis.type.TypeException: Could not resolve type alias 'com.xsl.com.xsl.pojo.XslTagExample'.  Cause: java.lang.ClassNotFoundException: Cannot find class: com.xsl.com.xsl.pojo.XslTagExample
	at org.apache.ibatis.builder.BaseBuilder.resolveClass(BaseBuilder.java:103)
	at org.apache.ibatis.builder.xml.XMLStatementBuilder.parseStatementNode(XMLStatementBuilder.java:66)
	at org.apache.ibatis.builder.xml.XMLMapperBuilder.buildStatementFromContext(XMLMapperBuilder.java:135)
	at org.apache.ibatis.builder.xml.XMLMapperBuilder.buildStatementFromContext(XMLMapperBuilder.java:128)
	at org.apache.ibatis.builder.xml.XMLMapperBuilder.configurationElement(XMLMapperBuilder.java:118)
	... 33 more
Caused by: org.apache.ibatis.type.TypeException: Could not resolve type alias 'com.xsl.com.xsl.pojo.XslTagExample'.  Cause: java.lang.ClassNotFoundException: Cannot find class: com.xsl.com.xsl.pojo.XslTagExample
	at org.apache.ibatis.type.TypeAliasRegistry.resolveAlias(TypeAliasRegistry.java:117)
	at org.apache.ibatis.builder.BaseBuilder.resolveAlias(BaseBuilder.java:130)
	at org.apache.ibatis.builder.BaseBuilder.resolveClass(BaseBuilder.java:101)
	... 37 more
Caused by: java.lang.ClassNotFoundException: Cannot find class: com.xsl.com.xsl.pojo.XslTagExample
	at org.apache.ibatis.io.ClassLoaderWrapper.classForName(ClassLoaderWrapper.java:190)
	at org.apache.ibatis.io.ClassLoaderWrapper.classForName(ClassLoaderWrapper.java:89)
	at org.apache.ibatis.io.Resources.classForName(Resources.java:256)
	at org.apache.ibatis.type.TypeAliasRegistry.resolveAlias(TypeAliasRegistry.java:113)
	... 39 more


[ERROR] 2019-04-28 21:08:58,698 method:org.springframework.web.servlet.FrameworkServlet.initServletBean(FrameworkServlet.java:497)
Context initialization failed
org.springframework.beans.factory.BeanCreationException: Error creating bean with name 'sqlSessionFactory' defined in file [D:\git-down\xslmatchteam\xsl-match-web\target\classes\spring\applicationContext-dao.xml]: Invocation of init method failed; nested exception is org.springframework.core.NestedIOException: Failed to parse mapping resource: 'class path resource [xsl/match/mapper/XslTagMapper.xml]'; nested exception is org.apache.ibatis.builder.BuilderException: Error parsing Mapper XML. Cause: org.apache.ibatis.builder.BuilderException: Error resolving class. Cause: org.apache.ibatis.type.TypeException: Could not resolve type alias 'com.xsl.com.xsl.pojo.XslTagExample'.  Cause: java.lang.ClassNotFoundException: Cannot find class: com.xsl.com.xsl.pojo.XslTagExample
	at org.springframework.beans.factory.support.AbstractAutowireCapableBeanFactory.initializeBean(AbstractAutowireCapableBeanFactory.java:1566)
	at org.springframework.beans.factory.support.AbstractAutowireCapableBeanFactory.doCreateBean(AbstractAutowireCapableBeanFactory.java:539)
	at org.springframework.beans.factory.support.AbstractAutowireCapableBeanFactory.createBean(AbstractAutowireCapableBeanFactory.java:476)
	at org.springframework.beans.factory.support.AbstractBeanFactory$1.getObject(AbstractBeanFactory.java:302)
	at org.springframework.beans.factory.support.DefaultSingletonBeanRegistry.getSingleton(DefaultSingletonBeanRegistry.java:230)
	at org.springframework.beans.factory.support.AbstractBeanFactory.doGetBean(AbstractBeanFactory.java:298)
	at org.springframework.beans.factory.support.AbstractBeanFactory.getBean(AbstractBeanFactory.java:193)
	at org.springframework.beans.factory.support.DefaultListableBeanFactory.preInstantiateSingletons(DefaultListableBeanFactory.java:743)
	at org.springframework.context.support.AbstractApplicationContext.finishBeanFactoryInitialization(AbstractApplicationContext.java:757)
	at org.springframework.context.support.AbstractApplicationContext.refresh(AbstractApplicationContext.java:480)
	at org.springframework.web.servlet.FrameworkServlet.configureAndRefreshWebApplicationContext(FrameworkServlet.java:663)
	at org.springframework.web.servlet.FrameworkServlet.createWebApplicationContext(FrameworkServlet.java:629)
	at org.springframework.web.servlet.FrameworkServlet.createWebApplicationContext(FrameworkServlet.java:677)
	at org.springframework.web.servlet.FrameworkServlet.initWebApplicationContext(FrameworkServlet.java:548)
	at org.springframework.web.servlet.FrameworkServlet.initServletBean(FrameworkServlet.java:489)
	at org.springframework.web.servlet.HttpServletBean.init(HttpServletBean.java:136)
	at javax.servlet.GenericServlet.init(GenericServlet.java:160)
	at org.apache.catalina.core.StandardWrapper.initServlet(StandardWrapper.java:1280)
	at org.apache.catalina.core.StandardWrapper.loadServlet(StandardWrapper.java:1193)
	at org.apache.catalina.core.StandardWrapper.load(StandardWrapper.java:1088)
	at org.apache.catalina.core.StandardContext.loadOnStartup(StandardContext.java:5176)
	at org.apache.catalina.core.StandardContext.startInternal(StandardContext.java:5460)
	at org.apache.catalina.util.LifecycleBase.start(LifecycleBase.java:150)
	at org.apache.catalina.core.ContainerBase$StartChild.call(ContainerBase.java:1559)
	at org.apache.catalina.core.ContainerBase$StartChild.call(ContainerBase.java:1549)
	at java.util.concurrent.FutureTask.run(FutureTask.java:266)
	at java.util.concurrent.ThreadPoolExecutor.runWorker(ThreadPoolExecutor.java:1149)
	at java.util.concurrent.ThreadPoolExecutor$Worker.run(ThreadPoolExecutor.java:624)
	at java.lang.Thread.run(Thread.java:748)
Caused by: org.springframework.core.NestedIOException: Failed to parse mapping resource: 'class path resource [xsl/match/mapper/XslTagMapper.xml]'; nested exception is org.apache.ibatis.builder.BuilderException: Error parsing Mapper XML. Cause: org.apache.ibatis.builder.BuilderException: Error resolving class. Cause: org.apache.ibatis.type.TypeException: Could not resolve type alias 'com.xsl.com.xsl.pojo.XslTagExample'.  Cause: java.lang.ClassNotFoundException: Cannot find class: com.xsl.com.xsl.pojo.XslTagExample
	at org.mybatis.spring.SqlSessionFactoryBean.buildSqlSessionFactory(SqlSessionFactoryBean.java:466)
	at org.mybatis.spring.SqlSessionFactoryBean.afterPropertiesSet(SqlSessionFactoryBean.java:340)
	at org.springframework.beans.factory.support.AbstractAutowireCapableBeanFactory.invokeInitMethods(AbstractAutowireCapableBeanFactory.java:1625)
	at org.springframework.beans.factory.support.AbstractAutowireCapableBeanFactory.initializeBean(AbstractAutowireCapableBeanFactory.java:1562)
	... 28 more
Caused by: org.apache.ibatis.builder.BuilderException: Error parsing Mapper XML. Cause: org.apache.ibatis.builder.BuilderException: Error resolving class. Cause: org.apache.ibatis.type.TypeException: Could not resolve type alias 'com.xsl.com.xsl.pojo.XslTagExample'.  Cause: java.lang.ClassNotFoundException: Cannot find class: com.xsl.com.xsl.pojo.XslTagExample
	at org.apache.ibatis.builder.xml.XMLMapperBuilder.configurationElement(XMLMapperBuilder.java:120)
	at org.apache.ibatis.builder.xml.XMLMapperBuilder.parse(XMLMapperBuilder.java:92)
	at org.mybatis.spring.SqlSessionFactoryBean.buildSqlSessionFactory(SqlSessionFactoryBean.java:464)
	... 31 more
Caused by: org.apache.ibatis.builder.BuilderException: Error resolving class. Cause: org.apache.ibatis.type.TypeException: Could not resolve type alias 'com.xsl.com.xsl.pojo.XslTagExample'.  Cause: java.lang.ClassNotFoundException: Cannot find class: com.xsl.com.xsl.pojo.XslTagExample
	at org.apache.ibatis.builder.BaseBuilder.resolveClass(BaseBuilder.java:103)
	at org.apache.ibatis.builder.xml.XMLStatementBuilder.parseStatementNode(XMLStatementBuilder.java:66)
	at org.apache.ibatis.builder.xml.XMLMapperBuilder.buildStatementFromContext(XMLMapperBuilder.java:135)
	at org.apache.ibatis.builder.xml.XMLMapperBuilder.buildStatementFromContext(XMLMapperBuilder.java:128)
	at org.apache.ibatis.builder.xml.XMLMapperBuilder.configurationElement(XMLMapperBuilder.java:118)
	... 33 more
Caused by: org.apache.ibatis.type.TypeException: Could not resolve type alias 'com.xsl.com.xsl.pojo.XslTagExample'.  Cause: java.lang.ClassNotFoundException: Cannot find class: com.xsl.com.xsl.pojo.XslTagExample
	at org.apache.ibatis.type.TypeAliasRegistry.resolveAlias(TypeAliasRegistry.java:117)
	at org.apache.ibatis.builder.BaseBuilder.resolveAlias(BaseBuilder.java:130)
	at org.apache.ibatis.builder.BaseBuilder.resolveClass(BaseBuilder.java:101)
	... 37 more
Caused by: java.lang.ClassNotFoundException: Cannot find class: com.xsl.com.xsl.pojo.XslTagExample
	at org.apache.ibatis.io.ClassLoaderWrapper.classForName(ClassLoaderWrapper.java:190)
	at org.apache.ibatis.io.ClassLoaderWrapper.classForName(ClassLoaderWrapper.java:89)
	at org.apache.ibatis.io.Resources.classForName(Resources.java:256)
	at org.apache.ibatis.type.TypeAliasRegistry.resolveAlias(TypeAliasRegistry.java:113)
	... 39 more
